<?xml version="1.0" encoding="UTF-8"?>
<!-- Generated by org.testng.reporters.JUnitReportReporter -->
<testsuite hostname="Syeds-MBP" name="com.bdd.SkyGo.SkyGoSmokeTest.SkyGoLoginLogout" tests="1" failures="0" timestamp="29 Jan 2016 23:30:19 GMT" time="33.788" errors="0">
  <testcase name="testSkyLoginLogout" time="33.788" classname="com.bdd.SkyGo.SkyGoSmokeTest.SkyGoLoginLogout"/>
</testsuite> <!-- com.bdd.SkyGo.SkyGoSmokeTest.SkyGoLoginLogout -->
