<?xml version="1.0" encoding="UTF-8"?>
<!-- Generated by org.testng.reporters.JUnitReportReporter -->
<testsuite hostname="Syeds-MBP" name="com.bdd.SkyGo.SkyGoSmokeTest.StreamSkySportsTwo" tests="1" failures="0" timestamp="25 Feb 2016 01:30:59 GMT" time="48.824" errors="0">
  <testcase name="runSkySportsTwo" time="48.824" classname="com.bdd.SkyGo.SkyGoSmokeTest.StreamSkySportsTwo"/>
</testsuite> <!-- com.bdd.SkyGo.SkyGoSmokeTest.StreamSkySportsTwo -->
